/* NetTran: AMD.64 Release B-2008.09.SP5.26004 2012/07/19 */ 
/* Created:  12/20/2017  15:24   */
NetTran - Netlist Translator (R), AMD.64 Release B-2008.09.SP5.26004 2012/07/19

  (C) Copyright 1996, 1997, 1998, 1999, 2000, 2001, 2002, 2003, 2004, 2005,
                2006, 2007, 2008, 2009, 2010, 2011, 2012.
  Synopsys, Inc.  All rights reserved.

Options: -rootCell UART -verilog-b0 VSS -verilog-b1 VDD -sp /home/standard_cell_libraries/NangateOpenCellLibrary_PDKv1_3_v2010_12/lib/Back_End/spice/NangateOpenCellLibrary.spi -verilog ../../../pnr/output/UART_icc.v -outType spice -outName UART.sp 

Reading "../../../pnr/output/UART_icc.v" netlist ...
Loading cell "UART" ...
Reading "/home/standard_cell_libraries/NangateOpenCellLibrary_PDKv1_3_v2010_12/lib/Back_End/spice/NangateOpenCellLibrary.spi" netlist ...
Loading cell "AND2_X1" ...
Loading cell "AND2_X2" ...
Loading cell "AND2_X4" ...
Loading cell "AND3_X1" ...
Loading cell "AND3_X2" ...
Loading cell "AND3_X4" ...
Loading cell "AND4_X1" ...
Loading cell "AND4_X2" ...
Loading cell "AND4_X4" ...
Loading cell "ANTENNA_X1" ...
Loading cell "AOI211_X1" ...
Loading cell "AOI211_X2" ...
Loading cell "AOI211_X4" ...
Loading cell "AOI21_X1" ...
Loading cell "AOI21_X2" ...
Loading cell "AOI21_X4" ...
Loading cell "AOI221_X1" ...
Loading cell "AOI221_X2" ...
Loading cell "AOI221_X4" ...
Loading cell "AOI222_X1" ...
Loading cell "AOI222_X2" ...
Loading cell "AOI222_X4" ...
Loading cell "AOI22_X1" ...
Loading cell "AOI22_X2" ...
Loading cell "AOI22_X4" ...
Loading cell "BUF_X1" ...
Loading cell "BUF_X16" ...
Loading cell "BUF_X2" ...
Loading cell "BUF_X32" ...
Loading cell "BUF_X4" ...
Loading cell "BUF_X8" ...
Loading cell "CLKBUF_X1" ...
Loading cell "CLKBUF_X2" ...
Loading cell "CLKBUF_X3" ...
Loading cell "CLKGATETST_X1" ...
Loading cell "CLKGATETST_X2" ...
Loading cell "CLKGATETST_X4" ...
Loading cell "CLKGATETST_X8" ...
Loading cell "CLKGATE_X1" ...
Loading cell "CLKGATE_X2" ...
Loading cell "CLKGATE_X4" ...
Loading cell "CLKGATE_X8" ...
Loading cell "DFFRS_X1" ...
Loading cell "DFFRS_X2" ...
Loading cell "DFFR_X1" ...
Loading cell "DFFR_X2" ...
Loading cell "DFFS_X1" ...
Loading cell "DFFS_X2" ...
Loading cell "DFF_X1" ...
Loading cell "DFF_X2" ...
Loading cell "DLH_X1" ...
Loading cell "DLH_X2" ...
Loading cell "DLL_X1" ...
Loading cell "DLL_X2" ...
Loading cell "FA_X1" ...
Loading cell "FILLCELL_X1" ...
Loading cell "FILLCELL_X16" ...
Loading cell "FILLCELL_X2" ...
Loading cell "FILLCELL_X32" ...
Loading cell "FILLCELL_X4" ...
Loading cell "FILLCELL_X8" ...
Loading cell "HA_X1" ...
Loading cell "INV_X1" ...
Loading cell "INV_X16" ...
Loading cell "INV_X2" ...
Loading cell "INV_X32" ...
Loading cell "INV_X4" ...
Loading cell "INV_X8" ...
Loading cell "LOGIC0_X1" ...
Loading cell "LOGIC1_X1" ...
Loading cell "MUX2_X1" ...
Loading cell "MUX2_X2" ...
Loading cell "NAND2_X1" ...
Loading cell "NAND2_X2" ...
Loading cell "NAND2_X4" ...
Loading cell "NAND3_X1" ...
Loading cell "NAND3_X2" ...
Loading cell "NAND3_X4" ...
Loading cell "NAND4_X1" ...
Loading cell "NAND4_X2" ...
Loading cell "NAND4_X4" ...
Loading cell "NOR2_X1" ...
Loading cell "NOR2_X2" ...
Loading cell "NOR2_X4" ...
Loading cell "NOR3_X1" ...
Loading cell "NOR3_X2" ...
Loading cell "NOR3_X4" ...
Loading cell "NOR4_X1" ...
Loading cell "NOR4_X2" ...
Loading cell "NOR4_X4" ...
Loading cell "OAI211_X1" ...
Loading cell "OAI211_X2" ...
Loading cell "OAI211_X4" ...
Loading cell "OAI21_X1" ...
Loading cell "OAI21_X2" ...
Loading cell "OAI21_X4" ...
Loading cell "OAI221_X1" ...
Loading cell "OAI221_X2" ...
Loading cell "OAI221_X4" ...
Loading cell "OAI222_X1" ...
Loading cell "OAI222_X2" ...
Loading cell "OAI222_X4" ...
Loading cell "OAI22_X1" ...
Loading cell "OAI22_X2" ...
Loading cell "OAI22_X4" ...
Loading cell "OAI33_X1" ...
Loading cell "OR2_X1" ...
Loading cell "OR2_X2" ...
Loading cell "OR2_X4" ...
Loading cell "OR3_X1" ...
Loading cell "OR3_X2" ...
Loading cell "OR3_X4" ...
Loading cell "OR4_X1" ...
Loading cell "OR4_X2" ...
Loading cell "OR4_X4" ...
Loading cell "SDFFRS_X1" ...
Loading cell "SDFFRS_X2" ...
Loading cell "SDFFR_X1" ...
Loading cell "SDFFR_X2" ...
Loading cell "SDFFS_X1" ...
Loading cell "SDFFS_X2" ...
Loading cell "SDFF_X1" ...
Loading cell "SDFF_X2" ...
Loading cell "TBUF_X1" ...
Loading cell "TBUF_X16" ...
Loading cell "TBUF_X2" ...
Loading cell "TBUF_X4" ...
Loading cell "TBUF_X8" ...
Loading cell "TINV_X1" ...
Loading cell "TLAT_X1" ...
Loading cell "XNOR2_X1" ...
Loading cell "XNOR2_X2" ...
Loading cell "XOR2_X1" ...
Loading cell "XOR2_X2" ...
Loading cell "TAP" ...
Processing Hierarchy ...
WARNING: In cell "UART", nets were shorted. The "-wireLog <file>" option is available for printing the resolved nets.
Writing Spice netlist ...
Translation completed.
